c:\gamedev\game1\game1\debug\vc120.pdb
c:\gamedev\game1\game1\debug\vc120.idb
c:\gamedev\game1\game1\debug\actor.obj
c:\gamedev\game1\game1\debug\point.obj
c:\gamedev\game1\game1\debug\tile.obj
c:\gamedev\game1\game1\debug\character.obj
c:\gamedev\game1\game1\debug\gameengine.obj
c:\gamedev\game1\game1\debug\main.obj
c:\gamedev\game1\game1\debug\tilelibrary.obj
c:\gamedev\game1\debug\game1.lib
c:\gamedev\game1\debug\game1.exp
c:\gamedev\game1\debug\game1.ilk
c:\gamedev\game1\debug\game1.exe
c:\gamedev\game1\debug\game1.pdb
c:\gamedev\game1\game1\debug\game1.tlog\cl.command.1.tlog
c:\gamedev\game1\game1\debug\game1.tlog\cl.read.1.tlog
c:\gamedev\game1\game1\debug\game1.tlog\cl.write.1.tlog
c:\gamedev\game1\game1\debug\game1.tlog\game1.write.1u.tlog
c:\gamedev\game1\game1\debug\game1.tlog\link.command.1.tlog
c:\gamedev\game1\game1\debug\game1.tlog\link.read.1.tlog
c:\gamedev\game1\game1\debug\game1.tlog\link.write.1.tlog
